<?xml version="1.0" encoding="UTF-8"?>
<!-- Generated by org.testng.reporters.JUnitReportReporter -->
<testsuite skipped="1" hostname="LAPTOP-K2O2H7IQ" name="platform_Sign_up.Registerpage" tests="2" failures="0" timestamp="07 Nov 2020 04:48:03 GMT" time="12.500" errors="1">
  <testcase name="openBrowser" time="12.500" classname="platform_Sign_up.Registerpage">
    <error type="org.openqa.selenium.SessionNotCreatedException" message="session not created: This version of ChromeDriver only supports Chrome version 87
Current browser version is 86.0.4240.183 with binary path C:\Program Files\Google\Chrome\Application\chrome.exe
Build info: version: &#039;3.141.59&#039;, revision: &#039;e82be7d358&#039;, time: &#039;2018-11-14T08:17:03&#039;
System info: host: &#039;LAPTOP-K2O2H7IQ&#039;, ip: &#039;172.27.208.1&#039;, os.name: &#039;Windows 10&#039;, os.arch: &#039;amd64&#039;, os.version: &#039;10.0&#039;, java.version: &#039;1.8.0_271&#039;
Driver info: driver.version: ChromeDriver
remote stacktrace: Backtrace:
	Ordinal0 [0x00C5ECE3+3337443]
	Ordinal0 [0x00B3F041+2158657]
	Ordinal0 [0x009C6FA8+618408]
	Ordinal0 [0x00941D52+73042]
	Ordinal0 [0x0093E0D8+57560]
	Ordinal0 [0x0093C38A+50058]
	Ordinal0 [0x00965E8E+220814]
	Ordinal0 [0x00965BFC+220156]
	Ordinal0 [0x0096181B+202779]
	Ordinal0 [0x00943D74+81268]
	Ordinal0 [0x00944D6E+85358]
	Ordinal0 [0x00944CF9+85241]
	Ordinal0 [0x00B56F2C+2256684]
	GetHandleVerifier [0x00DE2FAC+1478332]
	GetHandleVerifier [0x00DE2AFD+1477133]
	GetHandleVerifier [0x00DEAAD8+1509864]
	GetHandleVerifier [0x00DE369E+1480110]
	Ordinal0 [0x00B4D6BD+2217661]
	Ordinal0 [0x00B589AB+2263467]
	Ordinal0 [0x00B58AEF+2263791]
	Ordinal0 [0x00B6D363+2347875]
	BaseThreadInitThunk [0x7590F989+25]
	RtlGetAppContainerNamedObjectPath [0x772B74B4+228]
	RtlGetAppContainerNamedObjectPath [0x772B7484+180]
">
      <![CDATA[org.openqa.selenium.SessionNotCreatedException: session not created: This version of ChromeDriver only supports Chrome version 87
Current browser version is 86.0.4240.183 with binary path C:\Program Files\Google\Chrome\Application\chrome.exe
Build info: version: '3.141.59', revision: 'e82be7d358', time: '2018-11-14T08:17:03'
System info: host: 'LAPTOP-K2O2H7IQ', ip: '172.27.208.1', os.name: 'Windows 10', os.arch: 'amd64', os.version: '10.0', java.version: '1.8.0_271'
Driver info: driver.version: ChromeDriver
remote stacktrace: Backtrace:
	Ordinal0 [0x00C5ECE3+3337443]
	Ordinal0 [0x00B3F041+2158657]
	Ordinal0 [0x009C6FA8+618408]
	Ordinal0 [0x00941D52+73042]
	Ordinal0 [0x0093E0D8+57560]
	Ordinal0 [0x0093C38A+50058]
	Ordinal0 [0x00965E8E+220814]
	Ordinal0 [0x00965BFC+220156]
	Ordinal0 [0x0096181B+202779]
	Ordinal0 [0x00943D74+81268]
	Ordinal0 [0x00944D6E+85358]
	Ordinal0 [0x00944CF9+85241]
	Ordinal0 [0x00B56F2C+2256684]
	GetHandleVerifier [0x00DE2FAC+1478332]
	GetHandleVerifier [0x00DE2AFD+1477133]
	GetHandleVerifier [0x00DEAAD8+1509864]
	GetHandleVerifier [0x00DE369E+1480110]
	Ordinal0 [0x00B4D6BD+2217661]
	Ordinal0 [0x00B589AB+2263467]
	Ordinal0 [0x00B58AEF+2263791]
	Ordinal0 [0x00B6D363+2347875]
	BaseThreadInitThunk [0x7590F989+25]
	RtlGetAppContainerNamedObjectPath [0x772B74B4+228]
	RtlGetAppContainerNamedObjectPath [0x772B7484+180]

	at sun.reflect.NativeConstructorAccessorImpl.newInstance0(Native Method)
	at sun.reflect.NativeConstructorAccessorImpl.newInstance(Unknown Source)
	at sun.reflect.DelegatingConstructorAccessorImpl.newInstance(Unknown Source)
	at java.lang.reflect.Constructor.newInstance(Unknown Source)
	at org.openqa.selenium.remote.W3CHandshakeResponse.lambda$errorHandler$0(W3CHandshakeResponse.java:62)
	at org.openqa.selenium.remote.HandshakeResponse.lambda$getResponseFunction$0(HandshakeResponse.java:30)
	at org.openqa.selenium.remote.ProtocolHandshake.lambda$createSession$0(ProtocolHandshake.java:126)
	at java.util.stream.ReferencePipeline$3$1.accept(Unknown Source)
	at java.util.Spliterators$ArraySpliterator.tryAdvance(Unknown Source)
	at java.util.stream.ReferencePipeline.forEachWithCancel(Unknown Source)
	at java.util.stream.AbstractPipeline.copyIntoWithCancel(Unknown Source)
	at java.util.stream.AbstractPipeline.copyInto(Unknown Source)
	at java.util.stream.AbstractPipeline.wrapAndCopyInto(Unknown Source)
	at java.util.stream.FindOps$FindOp.evaluateSequential(Unknown Source)
	at java.util.stream.AbstractPipeline.evaluate(Unknown Source)
	at java.util.stream.ReferencePipeline.findFirst(Unknown Source)
	at org.openqa.selenium.remote.ProtocolHandshake.createSession(ProtocolHandshake.java:128)
	at org.openqa.selenium.remote.ProtocolHandshake.createSession(ProtocolHandshake.java:74)
	at org.openqa.selenium.remote.HttpCommandExecutor.execute(HttpCommandExecutor.java:136)
	at org.openqa.selenium.remote.service.DriverCommandExecutor.execute(DriverCommandExecutor.java:83)
	at org.openqa.selenium.remote.RemoteWebDriver.execute(RemoteWebDriver.java:552)
	at org.openqa.selenium.remote.RemoteWebDriver.startSession(RemoteWebDriver.java:213)
	at org.openqa.selenium.remote.RemoteWebDriver.<init>(RemoteWebDriver.java:131)
	at org.openqa.selenium.chrome.ChromeDriver.<init>(ChromeDriver.java:181)
	at org.openqa.selenium.chrome.ChromeDriver.<init>(ChromeDriver.java:168)
	at org.openqa.selenium.chrome.ChromeDriver.<init>(ChromeDriver.java:123)
	at platform_Sign_up.Registerpage.openBrowser(Registerpage.java:28)
	at sun.reflect.NativeMethodAccessorImpl.invoke0(Native Method)
	at sun.reflect.NativeMethodAccessorImpl.invoke(Unknown Source)
	at sun.reflect.DelegatingMethodAccessorImpl.invoke(Unknown Source)
	at java.lang.reflect.Method.invoke(Unknown Source)
	at org.testng.internal.MethodInvocationHelper.invokeMethod(MethodInvocationHelper.java:108)
	at org.testng.internal.Invoker.invokeConfigurationMethod(Invoker.java:523)
	at org.testng.internal.Invoker.invokeConfigurations(Invoker.java:224)
	at org.testng.internal.Invoker.invokeConfigurations(Invoker.java:146)
	at org.testng.TestRunner.beforeRun(TestRunner.java:626)
	at org.testng.TestRunner.run(TestRunner.java:594)
	at org.testng.SuiteRunner.runTest(SuiteRunner.java:380)
	at org.testng.SuiteRunner.runSequentially(SuiteRunner.java:375)
	at org.testng.SuiteRunner.privateRun(SuiteRunner.java:340)
	at org.testng.SuiteRunner.run(SuiteRunner.java:289)
	at org.testng.SuiteRunnerWorker.runSuite(SuiteRunnerWorker.java:52)
	at org.testng.SuiteRunnerWorker.run(SuiteRunnerWorker.java:86)
	at org.testng.TestNG.runSuitesSequentially(TestNG.java:1301)
	at org.testng.TestNG.runSuitesLocally(TestNG.java:1226)
	at org.testng.TestNG.runSuites(TestNG.java:1144)
	at org.testng.TestNG.run(TestNG.java:1115)
	at org.testng.remote.AbstractRemoteTestNG.run(AbstractRemoteTestNG.java:132)
	at org.testng.remote.RemoteTestNG.initAndRun(RemoteTestNG.java:230)
	at org.testng.remote.RemoteTestNG.main(RemoteTestNG.java:76)
]]>
    </error>
  </testcase> <!-- openBrowser -->
  <testcase name="newRegistration" time="0.000" classname="platform_Sign_up.Registerpage">
    <skipped/>
  </testcase> <!-- newRegistration -->
</testsuite> <!-- platform_Sign_up.Registerpage -->
